<?xml version="1.0" encoding="UTF-8"?>
<!-- Generated by org.testng.reporters.JUnitXMLReporter -->
<testsuite hostname="LAPTOP-OJMIMCA0" ignored="1" name="Default test" tests="1" failures="0" timestamp="08 Feb 2019 03:53:11 GMT" time="41.035" errors="0">
  <testcase name="verifyCreateContactsDataDriven_Test" time="20.44" classname="com.qa.hubspot.Tests.ContactsPageTests"/>
  <testcase name="verifyCreateContacts_Test" time="0.0" classname="com.qa.hubspot.Tests.ContactsPageTests">
    <ignored/>
  </testcase> <!-- verifyCreateContacts_Test -->
</testsuite> <!-- Default test -->
