<?xml version="1.0" encoding="UTF-8"?>
<testng-results skipped="0" failed="0" ignored="1" total="2" passed="1">
  <reporter-output>
  </reporter-output>
  <suite name="Default suite" duration-ms="41035" started-at="2019-02-08T03:52:30Z" finished-at="2019-02-08T03:53:11Z">
    <groups>
    </groups>
    <test name="Default test" duration-ms="41035" started-at="2019-02-08T03:52:30Z" finished-at="2019-02-08T03:53:11Z">
      <class name="com.qa.hubspot.Tests.ContactsPageTests">
        <test-method status="PASS" signature="setUp()[pri:0, instance:com.qa.hubspot.Tests.ContactsPageTests@42d80b78]" name="setUp" is-config="true" duration-ms="19670" started-at="2019-02-08T03:52:30Z" finished-at="2019-02-08T03:52:50Z">
          <reporter-output>
          </reporter-output>
        </test-method> <!-- setUp -->
        <test-method status="PASS" signature="verifyCreateContactsDataDriven_Test()[pri:0, instance:com.qa.hubspot.Tests.ContactsPageTests@42d80b78]" name="verifyCreateContactsDataDriven_Test" duration-ms="20440" started-at="2019-02-08T03:52:50Z" finished-at="2019-02-08T03:53:10Z">
          <reporter-output>
          </reporter-output>
        </test-method> <!-- verifyCreateContactsDataDriven_Test -->
        <test-method status="PASS" signature="tearDown()[pri:0, instance:com.qa.hubspot.Tests.ContactsPageTests@42d80b78]" name="tearDown" is-config="true" duration-ms="869" started-at="2019-02-08T03:53:10Z" finished-at="2019-02-08T03:53:11Z">
          <reporter-output>
          </reporter-output>
        </test-method> <!-- tearDown -->
      </class> <!-- com.qa.hubspot.Tests.ContactsPageTests -->
    </test> <!-- Default test -->
  </suite> <!-- Default suite -->
</testng-results>
